mode: set
github.com/lorsanstand/yandex_service/cmd/server/main.go:13.13,15.16 2 0
github.com/lorsanstand/yandex_service/cmd/server/main.go:15.16,17.3 1 0
github.com/lorsanstand/yandex_service/cmd/server/main.go:19.2,27.16 6 0
github.com/lorsanstand/yandex_service/cmd/server/main.go:27.16,29.3 1 0
github.com/lorsanstand/yandex_service/internal/yandex/handler.go:22.65,24.2 1 0
github.com/lorsanstand/yandex_service/internal/yandex/handler.go:26.67,32.16 4 0
github.com/lorsanstand/yandex_service/internal/yandex/handler.go:32.16,35.3 2 0
github.com/lorsanstand/yandex_service/internal/yandex/handler.go:37.2,37.26 1 0
github.com/lorsanstand/yandex_service/internal/yandex/response.go:25.44,34.2 1 0
github.com/lorsanstand/yandex_service/internal/yandex/response.go:36.67,41.40 4 0
github.com/lorsanstand/yandex_service/internal/yandex/response.go:41.40,43.17 2 0
github.com/lorsanstand/yandex_service/internal/yandex/response.go:43.17,45.4 1 0
github.com/lorsanstand/yandex_service/internal/yandex/response.go:47.3,47.29 1 0
github.com/lorsanstand/yandex_service/internal/yandex/response.go:47.29,51.4 3 0
github.com/lorsanstand/yandex_service/internal/yandex/response.go:53.3,53.72 1 0
github.com/lorsanstand/yandex_service/internal/yandex/response.go:56.2,58.27 2 0
github.com/lorsanstand/yandex_service/internal/yandex/response.go:58.27,60.3 1 0
github.com/lorsanstand/yandex_service/internal/yandex/response.go:62.2,69.3 1 0
github.com/lorsanstand/yandex_service/internal/yandex/schedule.go:12.75,14.16 2 0
github.com/lorsanstand/yandex_service/internal/yandex/schedule.go:14.16,16.3 1 0
github.com/lorsanstand/yandex_service/internal/yandex/schedule.go:18.2,19.16 2 0
github.com/lorsanstand/yandex_service/internal/yandex/schedule.go:19.16,23.3 3 0
github.com/lorsanstand/yandex_service/internal/yandex/schedule.go:24.2,27.41 3 0
github.com/lorsanstand/yandex_service/internal/yandex/schedule.go:30.64,36.31 4 0
github.com/lorsanstand/yandex_service/internal/yandex/schedule.go:36.31,38.3 1 0
github.com/lorsanstand/yandex_service/internal/yandex/schedule.go:38.8,38.28 1 0
github.com/lorsanstand/yandex_service/internal/yandex/schedule.go:38.28,40.10 2 0
github.com/lorsanstand/yandex_service/internal/yandex/schedule.go:40.10,42.4 1 0
github.com/lorsanstand/yandex_service/internal/yandex/schedule.go:43.3,44.31 2 0
github.com/lorsanstand/yandex_service/internal/yandex/schedule.go:45.8,47.3 1 0
github.com/lorsanstand/yandex_service/internal/yandex/schedule.go:49.2,49.17 1 0
github.com/lorsanstand/yandex_service/internal/integration/schedule/schedule.go:29.56,31.2 1 0
github.com/lorsanstand/yandex_service/internal/integration/schedule/schedule.go:33.99,38.16 4 0
github.com/lorsanstand/yandex_service/internal/integration/schedule/schedule.go:38.16,40.3 1 0
github.com/lorsanstand/yandex_service/internal/integration/schedule/schedule.go:42.2,50.16 7 0
github.com/lorsanstand/yandex_service/internal/integration/schedule/schedule.go:50.16,52.3 1 0
github.com/lorsanstand/yandex_service/internal/integration/schedule/schedule.go:54.2,56.38 2 0
github.com/lorsanstand/yandex_service/internal/integration/schedule/schedule.go:56.38,58.3 1 0
github.com/lorsanstand/yandex_service/internal/integration/schedule/schedule.go:60.2,62.69 2 0
github.com/lorsanstand/yandex_service/internal/integration/schedule/schedule.go:62.69,64.3 1 0
github.com/lorsanstand/yandex_service/internal/integration/schedule/schedule.go:66.2,66.22 1 0
github.com/lorsanstand/yandex_service/pkg/config/config.go:14.35,17.58 2 0
github.com/lorsanstand/yandex_service/pkg/config/config.go:17.58,20.48 2 0
github.com/lorsanstand/yandex_service/pkg/config/config.go:20.48,23.4 2 0
github.com/lorsanstand/yandex_service/pkg/config/config.go:26.2,26.18 1 0
github.com/lorsanstand/yandex_service/pkg/respond/respond.go:11.75,14.17 3 0
github.com/lorsanstand/yandex_service/pkg/respond/respond.go:14.17,16.3 1 0
